This is an Unexpected error invalid literal for int() with base 10: 'q'
This is an Unexpected error invalid literal for int() with base 10: 'w'
This is an Unexpected error invalid literal for int() with base 10: 'r'
This is an Unexpected error invalid literal for int() with base 10: 'q'
This is an Unexpected error invalid literal for int() with base 10: 'q'
This is an Unexpected error invalid literal for int() with base 10: '@'
This is an Unexpected error name 'main' is not defined
Unexpected error column "revenue" does not exist
LINE 1: ...ase_date, SUM(p.price * o.quantity) AS revenue, SUM(revenue)
                                                               ^

Entered the not allowed value
Entered the not allowed value
This is an Unexpected error local variable 'quantity' referenced before assignment
This is an Unexpected error local variable 'quantity' referenced before assignment
This is an Unexpected error local variable 'quantity' referenced before assignment
This is an Unexpected error local variable 'old_quan' referenced before assignment
This is an Unexpected error local variable 'old_quan' referenced before assignment
This is an Unexpected error could not convert string to float: 'Enter the Product price: '
This is an Unexpected error could not convert string to float: 'Enter the Product price: '
This is an Unexpected error could not convert string to float: 'Enter the Product price: '
This is a Type error <class 'TypeError'>
This is a Type error <class 'TypeError'>
This is a Type error <class 'TypeError'>
This is an Unexpected error invalid literal for int() with base 10: ''
This is a Type error <class 'TypeError'>
This is a Type error <class 'TypeError'>
This is a Type error <class 'TypeError'>
This is a Type error <class 'TypeError'>
This is an Unexpected error update or delete on table "products" violates foreign key constraint "fk_products_purchase" on table "purchases"
DETAIL:  Key (product_id)=(8) is still referenced from table "purchases".

Unexpected error column "p.name" must appear in the GROUP BY clause or be used in an aggregate function
LINE 1: SELECT p.name, o.purchase_date, SUM(p.price * o.quantity) AS...
               ^

Unexpected error tuple index out of range
Unexpected error tuple index out of range
Unexpected error column "o.quantity" must appear in the GROUP BY clause or be used in an aggregate function
LINE 1: SELECT p.name,o.quantity, SUM(p.price * o.quantity) AS reven...
                      ^

Unexpected error column "o.quantity" must appear in the GROUP BY clause or be used in an aggregate function
LINE 1: SELECT p.name, o.quantity, SUM(p.price * o.quantity) AS reve...
                       ^

This is a Type error <class 'ValueError'>
Unexpected error invalid literal for int() with base 10: 'er'
Unexpected error cursor already closed
Unexpected error cursor already closed
This is an Unexpected error cursor already closed
This is an Unexpected error invalid literal for int() with base 10: 'w'
Unexpected error invalid literal for int() with base 10: 'we'
Unexpected error invalid literal for int() with base 10: 'qw'
Unexpected error cursor already closed
Unexpected error cursor already closed
This is an Unexpected error cursor already closed
This is an Unexpected error cursor already closed
This is an Unexpected error cursor already closed
This is an Unexpected error cursor already closed
Unexpected error cursor already closed
Unexpected error cursor already closed
Unexpected error cursor already closed
Unexpected error cursor already closed
Unexpected error cursor already closed
This is an Unexpected error cursor already closed
Unexpected error cursor already closed
This is an Unexpected error cursor already closed
This is a Type error <class 'TypeError'>
This is a Type error <class 'TypeError'>
This is a Type error <class 'TypeError'>
This is a Type error <class 'TypeError'>
This is a Type error <class 'TypeError'>
This is a Type error <class 'TypeError'>
This is a Type error <class 'TypeError'>
This is a Type error <class 'TypeError'>
This is a Type error <class 'TypeError'>
This is a Type error <class 'TypeError'>
This is an Unexpected error cursor already closed
This is a Type error <class 'TypeError'>
This is an Unexpected error cursor already closed
This is an Unexpected error cursor already closed
This is an Unexpected error cursor already closed
Name and Price of product not entered
This is an Unexpected error invalid literal for int() with base 10: 'gg'
This is an Unexpected error cursor already closed
This is an Unexpected error cursor already closed
This is an Unexpected error cursor already closed
This is an Unexpected error cursor already closed
